<?xml version="1.0" encoding="UTF-8"?>
<!-- Generated by org.testng.reporters.JUnitXMLReporter -->
<testsuite ignored="0" hostname="BEYONDER" failures="0" tests="3" name="Default test" time="0.198" errors="0" timestamp="2024-02-24T19:20:39 IST">
  <testcase classname="priorityTestng.ByMethod" name="EnterUnP" time="0.039"/>
  <testcase classname="priorityTestng.ByMethod" name="getUrl" time="0.006"/>
  <testcase classname="priorityTestng.ByMethod" name="showpage" time="0.006"/>
</testsuite> <!-- Default test -->
