<?xml version="1.0" encoding="UTF-8"?>
<testng-results ignored="0" total="3" passed="3" failed="0" skipped="0">
  <reporter-output>
  </reporter-output>
  <suite started-at="2024-02-24T19:20:39 IST" name="Default suite" finished-at="2024-02-24T19:20:39 IST" duration-ms="198">
    <groups>
    </groups>
    <test started-at="2024-02-24T19:20:39 IST" name="Default test" finished-at="2024-02-24T19:20:39 IST" duration-ms="198">
      <class name="priorityTestng.ByMethod">
        <test-method signature="EnterUnP()[pri:0, instance:priorityTestng.ByMethod@36c88a32]" started-at="2024-02-24T19:20:39 IST" name="EnterUnP" finished-at="2024-02-24T19:20:39 IST" duration-ms="39" status="PASS">
          <reporter-output>
          </reporter-output>
        </test-method> <!-- EnterUnP -->
        <test-method signature="getUrl()[pri:0, instance:priorityTestng.ByMethod@36c88a32]" started-at="2024-02-24T19:20:39 IST" name="getUrl" finished-at="2024-02-24T19:20:39 IST" duration-ms="6" status="PASS">
          <reporter-output>
          </reporter-output>
        </test-method> <!-- getUrl -->
        <test-method signature="showpage()[pri:0, instance:priorityTestng.ByMethod@36c88a32]" started-at="2024-02-24T19:20:39 IST" name="showpage" finished-at="2024-02-24T19:20:39 IST" depends-on-methods="priorityTestng.ByMethod.EnterUnP" duration-ms="6" status="PASS">
          <reporter-output>
          </reporter-output>
        </test-method> <!-- showpage -->
      </class> <!-- priorityTestng.ByMethod -->
    </test> <!-- Default test -->
  </suite> <!-- Default suite -->
</testng-results>
